2025-09-09T14:25:44.471+02:00  INFO 16188 --- [pets] [main] com.julianne.pets.PetsApplication        : Starting PetsApplication using Java 24.0.2 with PID 16188 (D:\working-on\java\pets\target\classes started by USER in D:\working-on\java\pets)
2025-09-09T14:25:44.473+02:00  INFO 16188 --- [pets] [main] com.julianne.pets.PetsApplication        : No active profile set, falling back to 1 default profile: "default"
2025-09-09T14:25:44.940+02:00  INFO 16188 --- [pets] [main] .s.d.r.c.RepositoryConfigurationDelegate : Bootstrapping Spring Data JPA repositories in DEFAULT mode.
2025-09-09T14:25:44.987+02:00  INFO 16188 --- [pets] [main] .s.d.r.c.RepositoryConfigurationDelegate : Finished Spring Data repository scanning in 40 ms. Found 2 JPA repository interfaces.
2025-09-09T14:25:45.387+02:00  INFO 16188 --- [pets] [main] o.s.b.w.embedded.tomcat.TomcatWebServer  : Tomcat initialized with port 8080 (http)
2025-09-09T14:25:45.400+02:00  INFO 16188 --- [pets] [main] o.apache.catalina.core.StandardService   : Starting service [Tomcat]
2025-09-09T14:25:45.401+02:00  INFO 16188 --- [pets] [main] o.apache.catalina.core.StandardEngine    : Starting Servlet engine: [Apache Tomcat/10.1.44]
2025-09-09T14:25:45.449+02:00  INFO 16188 --- [pets] [main] o.a.c.c.C.[Tomcat].[localhost].[/]       : Initializing Spring embedded WebApplicationContext
2025-09-09T14:25:45.450+02:00  INFO 16188 --- [pets] [main] w.s.c.ServletWebServerApplicationContext : Root WebApplicationContext: initialization completed in 940 ms
2025-09-09T14:25:45.577+02:00  INFO 16188 --- [pets] [main] com.zaxxer.hikari.HikariDataSource       : HikariPool-1 - Starting...
2025-09-09T14:25:45.951+02:00  INFO 16188 --- [pets] [main] com.zaxxer.hikari.pool.HikariPool        : HikariPool-1 - Added connection com.mysql.cj.jdbc.ConnectionImpl@55846997
2025-09-09T14:25:45.958+02:00  INFO 16188 --- [pets] [main] com.zaxxer.hikari.HikariDataSource       : HikariPool-1 - Start completed.
2025-09-09T14:25:46.004+02:00  INFO 16188 --- [pets] [main] o.hibernate.jpa.internal.util.LogHelper  : HHH000204: Processing PersistenceUnitInfo [name: default]
2025-09-09T14:25:46.048+02:00  INFO 16188 --- [pets] [main] org.hibernate.Version                    : HHH000412: Hibernate ORM core version 6.6.26.Final
2025-09-09T14:25:46.082+02:00  INFO 16188 --- [pets] [main] o.h.c.internal.RegionFactoryInitiator    : HHH000026: Second-level cache disabled
2025-09-09T14:25:46.339+02:00  INFO 16188 --- [pets] [main] o.s.o.j.p.SpringPersistenceUnitInfo      : No LoadTimeWeaver setup: ignoring JPA class transformer
2025-09-09T14:25:46.427+02:00  INFO 16188 --- [pets] [main] org.hibernate.orm.connections.pooling    : HHH10001005: Database info:
	Database JDBC URL [Connecting through datasource 'HikariDataSource (HikariPool-1)']
	Database driver: undefined/unknown
	Database version: 8.0.43
	Autocommit mode: undefined/unknown
	Isolation level: undefined/unknown
	Minimum pool size: undefined/unknown
	Maximum pool size: undefined/unknown
2025-09-09T14:25:47.196+02:00  INFO 16188 --- [pets] [main] o.h.e.t.j.p.i.JtaPlatformInitiator       : HHH000489: No JTA platform available (set 'hibernate.transaction.jta.platform' to enable JTA platform integration)
2025-09-09T14:25:47.202+02:00  INFO 16188 --- [pets] [main] j.LocalContainerEntityManagerFactoryBean : Initialized JPA EntityManagerFactory for persistence unit 'default'
2025-09-09T14:25:47.550+02:00  WARN 16188 --- [pets] [main] JpaBaseConfiguration$JpaWebConfiguration : spring.jpa.open-in-view is enabled by default. Therefore, database queries may be performed during view rendering. Explicitly configure spring.jpa.open-in-view to disable this warning
2025-09-09T14:25:47.912+02:00  INFO 16188 --- [pets] [main] o.s.b.w.embedded.tomcat.TomcatWebServer  : Tomcat started on port 8080 (http) with context path '/'
2025-09-09T14:25:47.919+02:00  INFO 16188 --- [pets] [main] com.julianne.pets.PetsApplication        : Started PetsApplication in 3.814 seconds (process running for 4.304)
2025-09-09T14:25:52.163+02:00  INFO 16188 --- [pets] [http-nio-8080-exec-2] o.a.c.c.C.[Tomcat].[localhost].[/]       : Initializing Spring DispatcherServlet 'dispatcherServlet'
2025-09-09T14:25:52.163+02:00  INFO 16188 --- [pets] [http-nio-8080-exec-2] o.s.web.servlet.DispatcherServlet        : Initializing Servlet 'dispatcherServlet'
2025-09-09T14:25:52.164+02:00  INFO 16188 --- [pets] [http-nio-8080-exec-2] o.s.web.servlet.DispatcherServlet        : Completed initialization in 0 ms
2025-09-09T14:25:52.193+02:00  INFO 16188 --- [pets] [http-nio-8080-exec-2] c.julianne.pets.services.GetPetService   : Executing class com.julianne.pets.services.GetPetService input: 10
2025-09-09T14:25:52.242+02:00 ERROR 16188 --- [pets] [http-nio-8080-exec-2] c.j.p.exceptions.PetNotFoundException    : Exception class com.julianne.pets.exceptions.PetNotFoundException thrown.
2025-09-09T14:34:22.157+02:00  INFO 16188 --- [pets] [SpringApplicationShutdownHook] o.s.b.w.e.tomcat.GracefulShutdown        : Commencing graceful shutdown. Waiting for active requests to complete
2025-09-09T14:34:22.163+02:00  INFO 16188 --- [pets] [tomcat-shutdown] o.s.b.w.e.tomcat.GracefulShutdown        : Graceful shutdown complete
2025-09-09T14:34:22.166+02:00  INFO 16188 --- [pets] [SpringApplicationShutdownHook] j.LocalContainerEntityManagerFactoryBean : Closing JPA EntityManagerFactory for persistence unit 'default'
2025-09-09T14:34:22.168+02:00  INFO 16188 --- [pets] [SpringApplicationShutdownHook] com.zaxxer.hikari.HikariDataSource       : HikariPool-1 - Shutdown initiated...
2025-09-09T14:34:22.174+02:00  INFO 16188 --- [pets] [SpringApplicationShutdownHook] com.zaxxer.hikari.HikariDataSource       : HikariPool-1 - Shutdown completed.
2025-09-09T14:34:26.008+02:00  INFO 4056 --- [pets] [main] com.julianne.pets.PetsApplication        : Starting PetsApplication using Java 24.0.2 with PID 4056 (D:\working-on\java\pets\target\classes started by USER in D:\working-on\java\pets)
2025-09-09T14:34:26.011+02:00  INFO 4056 --- [pets] [main] com.julianne.pets.PetsApplication        : No active profile set, falling back to 1 default profile: "default"
2025-09-09T14:34:26.572+02:00  INFO 4056 --- [pets] [main] .s.d.r.c.RepositoryConfigurationDelegate : Bootstrapping Spring Data JPA repositories in DEFAULT mode.
2025-09-09T14:34:26.629+02:00  INFO 4056 --- [pets] [main] .s.d.r.c.RepositoryConfigurationDelegate : Finished Spring Data repository scanning in 47 ms. Found 2 JPA repository interfaces.
2025-09-09T14:34:27.021+02:00  INFO 4056 --- [pets] [main] o.s.b.w.embedded.tomcat.TomcatWebServer  : Tomcat initialized with port 8080 (http)
2025-09-09T14:34:27.035+02:00  INFO 4056 --- [pets] [main] o.apache.catalina.core.StandardService   : Starting service [Tomcat]
2025-09-09T14:34:27.035+02:00  INFO 4056 --- [pets] [main] o.apache.catalina.core.StandardEngine    : Starting Servlet engine: [Apache Tomcat/10.1.44]
2025-09-09T14:34:27.078+02:00  INFO 4056 --- [pets] [main] o.a.c.c.C.[Tomcat].[localhost].[/]       : Initializing Spring embedded WebApplicationContext
2025-09-09T14:34:27.079+02:00  INFO 4056 --- [pets] [main] w.s.c.ServletWebServerApplicationContext : Root WebApplicationContext: initialization completed in 1019 ms
2025-09-09T14:34:27.194+02:00  INFO 4056 --- [pets] [main] com.zaxxer.hikari.HikariDataSource       : HikariPool-1 - Starting...
2025-09-09T14:34:27.559+02:00  INFO 4056 --- [pets] [main] com.zaxxer.hikari.pool.HikariPool        : HikariPool-1 - Added connection com.mysql.cj.jdbc.ConnectionImpl@f5bf288
2025-09-09T14:34:27.561+02:00  INFO 4056 --- [pets] [main] com.zaxxer.hikari.HikariDataSource       : HikariPool-1 - Start completed.
2025-09-09T14:34:27.596+02:00  INFO 4056 --- [pets] [main] o.hibernate.jpa.internal.util.LogHelper  : HHH000204: Processing PersistenceUnitInfo [name: default]
2025-09-09T14:34:27.634+02:00  INFO 4056 --- [pets] [main] org.hibernate.Version                    : HHH000412: Hibernate ORM core version 6.6.26.Final
2025-09-09T14:34:27.661+02:00  INFO 4056 --- [pets] [main] o.h.c.internal.RegionFactoryInitiator    : HHH000026: Second-level cache disabled
2025-09-09T14:34:27.896+02:00  INFO 4056 --- [pets] [main] o.s.o.j.p.SpringPersistenceUnitInfo      : No LoadTimeWeaver setup: ignoring JPA class transformer
2025-09-09T14:34:27.980+02:00  INFO 4056 --- [pets] [main] org.hibernate.orm.connections.pooling    : HHH10001005: Database info:
	Database JDBC URL [Connecting through datasource 'HikariDataSource (HikariPool-1)']
	Database driver: undefined/unknown
	Database version: 8.0.43
	Autocommit mode: undefined/unknown
	Isolation level: undefined/unknown
	Minimum pool size: undefined/unknown
	Maximum pool size: undefined/unknown
2025-09-09T14:34:28.649+02:00  INFO 4056 --- [pets] [main] o.h.e.t.j.p.i.JtaPlatformInitiator       : HHH000489: No JTA platform available (set 'hibernate.transaction.jta.platform' to enable JTA platform integration)
2025-09-09T14:34:28.651+02:00  INFO 4056 --- [pets] [main] j.LocalContainerEntityManagerFactoryBean : Initialized JPA EntityManagerFactory for persistence unit 'default'
2025-09-09T14:34:29.026+02:00  WARN 4056 --- [pets] [main] JpaBaseConfiguration$JpaWebConfiguration : spring.jpa.open-in-view is enabled by default. Therefore, database queries may be performed during view rendering. Explicitly configure spring.jpa.open-in-view to disable this warning
2025-09-09T14:34:29.386+02:00  INFO 4056 --- [pets] [main] o.s.b.w.embedded.tomcat.TomcatWebServer  : Tomcat started on port 8080 (http) with context path '/'
2025-09-09T14:34:29.392+02:00  INFO 4056 --- [pets] [main] com.julianne.pets.PetsApplication        : Started PetsApplication in 3.824 seconds (process running for 4.422)
2025-09-09T14:34:32.659+02:00  INFO 4056 --- [pets] [http-nio-8080-exec-1] o.a.c.c.C.[Tomcat].[localhost].[/]       : Initializing Spring DispatcherServlet 'dispatcherServlet'
2025-09-09T14:34:32.659+02:00  INFO 4056 --- [pets] [http-nio-8080-exec-1] o.s.web.servlet.DispatcherServlet        : Initializing Servlet 'dispatcherServlet'
2025-09-09T14:34:32.660+02:00  INFO 4056 --- [pets] [http-nio-8080-exec-1] o.s.web.servlet.DispatcherServlet        : Completed initialization in 1 ms
2025-09-09T14:36:14.213+02:00  INFO 4056 --- [pets] [SpringApplicationShutdownHook] o.s.b.w.e.tomcat.GracefulShutdown        : Commencing graceful shutdown. Waiting for active requests to complete
2025-09-09T14:36:14.217+02:00  INFO 4056 --- [pets] [tomcat-shutdown] o.s.b.w.e.tomcat.GracefulShutdown        : Graceful shutdown complete
2025-09-09T14:36:14.220+02:00  INFO 4056 --- [pets] [SpringApplicationShutdownHook] j.LocalContainerEntityManagerFactoryBean : Closing JPA EntityManagerFactory for persistence unit 'default'
2025-09-09T14:36:14.222+02:00  INFO 4056 --- [pets] [SpringApplicationShutdownHook] com.zaxxer.hikari.HikariDataSource       : HikariPool-1 - Shutdown initiated...
2025-09-09T14:36:14.227+02:00  INFO 4056 --- [pets] [SpringApplicationShutdownHook] com.zaxxer.hikari.HikariDataSource       : HikariPool-1 - Shutdown completed.
2025-09-09T14:36:18.150+02:00  INFO 13988 --- [pets] [main] com.julianne.pets.PetsApplication        : Starting PetsApplication using Java 24.0.2 with PID 13988 (D:\working-on\java\pets\target\classes started by USER in D:\working-on\java\pets)
2025-09-09T14:36:18.152+02:00  INFO 13988 --- [pets] [main] com.julianne.pets.PetsApplication        : No active profile set, falling back to 1 default profile: "default"
2025-09-09T14:36:18.735+02:00  INFO 13988 --- [pets] [main] .s.d.r.c.RepositoryConfigurationDelegate : Bootstrapping Spring Data JPA repositories in DEFAULT mode.
2025-09-09T14:36:18.791+02:00  INFO 13988 --- [pets] [main] .s.d.r.c.RepositoryConfigurationDelegate : Finished Spring Data repository scanning in 48 ms. Found 2 JPA repository interfaces.
2025-09-09T14:36:19.187+02:00  INFO 13988 --- [pets] [main] o.s.b.w.embedded.tomcat.TomcatWebServer  : Tomcat initialized with port 8080 (http)
2025-09-09T14:36:19.211+02:00  INFO 13988 --- [pets] [main] o.apache.catalina.core.StandardService   : Starting service [Tomcat]
2025-09-09T14:36:19.212+02:00  INFO 13988 --- [pets] [main] o.apache.catalina.core.StandardEngine    : Starting Servlet engine: [Apache Tomcat/10.1.44]
2025-09-09T14:36:19.261+02:00  INFO 13988 --- [pets] [main] o.a.c.c.C.[Tomcat].[localhost].[/]       : Initializing Spring embedded WebApplicationContext
2025-09-09T14:36:19.261+02:00  INFO 13988 --- [pets] [main] w.s.c.ServletWebServerApplicationContext : Root WebApplicationContext: initialization completed in 1059 ms
2025-09-09T14:36:19.389+02:00  INFO 13988 --- [pets] [main] com.zaxxer.hikari.HikariDataSource       : HikariPool-1 - Starting...
2025-09-09T14:36:19.758+02:00  INFO 13988 --- [pets] [main] com.zaxxer.hikari.pool.HikariPool        : HikariPool-1 - Added connection com.mysql.cj.jdbc.ConnectionImpl@6e9a0bea
2025-09-09T14:36:19.761+02:00  INFO 13988 --- [pets] [main] com.zaxxer.hikari.HikariDataSource       : HikariPool-1 - Start completed.
2025-09-09T14:36:19.798+02:00  INFO 13988 --- [pets] [main] o.hibernate.jpa.internal.util.LogHelper  : HHH000204: Processing PersistenceUnitInfo [name: default]
2025-09-09T14:36:19.837+02:00  INFO 13988 --- [pets] [main] org.hibernate.Version                    : HHH000412: Hibernate ORM core version 6.6.26.Final
2025-09-09T14:36:19.864+02:00  INFO 13988 --- [pets] [main] o.h.c.internal.RegionFactoryInitiator    : HHH000026: Second-level cache disabled
2025-09-09T14:36:20.123+02:00  INFO 13988 --- [pets] [main] o.s.o.j.p.SpringPersistenceUnitInfo      : No LoadTimeWeaver setup: ignoring JPA class transformer
2025-09-09T14:36:20.216+02:00  INFO 13988 --- [pets] [main] org.hibernate.orm.connections.pooling    : HHH10001005: Database info:
	Database JDBC URL [Connecting through datasource 'HikariDataSource (HikariPool-1)']
	Database driver: undefined/unknown
	Database version: 8.0.43
	Autocommit mode: undefined/unknown
	Isolation level: undefined/unknown
	Minimum pool size: undefined/unknown
	Maximum pool size: undefined/unknown
2025-09-09T14:36:20.954+02:00  INFO 13988 --- [pets] [main] o.h.e.t.j.p.i.JtaPlatformInitiator       : HHH000489: No JTA platform available (set 'hibernate.transaction.jta.platform' to enable JTA platform integration)
2025-09-09T14:36:20.957+02:00  INFO 13988 --- [pets] [main] j.LocalContainerEntityManagerFactoryBean : Initialized JPA EntityManagerFactory for persistence unit 'default'
2025-09-09T14:36:21.387+02:00  WARN 13988 --- [pets] [main] JpaBaseConfiguration$JpaWebConfiguration : spring.jpa.open-in-view is enabled by default. Therefore, database queries may be performed during view rendering. Explicitly configure spring.jpa.open-in-view to disable this warning
2025-09-09T14:36:21.717+02:00  INFO 13988 --- [pets] [main] o.s.b.w.embedded.tomcat.TomcatWebServer  : Tomcat started on port 8080 (http) with context path '/'
2025-09-09T14:36:21.723+02:00  INFO 13988 --- [pets] [main] com.julianne.pets.PetsApplication        : Started PetsApplication in 4.002 seconds (process running for 4.597)
2025-09-09T14:36:28.760+02:00  INFO 13988 --- [pets] [http-nio-8080-exec-2] o.a.c.c.C.[Tomcat].[localhost].[/]       : Initializing Spring DispatcherServlet 'dispatcherServlet'
2025-09-09T14:36:28.761+02:00  INFO 13988 --- [pets] [http-nio-8080-exec-2] o.s.web.servlet.DispatcherServlet        : Initializing Servlet 'dispatcherServlet'
2025-09-09T14:36:28.762+02:00  INFO 13988 --- [pets] [http-nio-8080-exec-2] o.s.web.servlet.DispatcherServlet        : Completed initialization in 1 ms
2025-09-09T14:36:28.791+02:00  INFO 13988 --- [pets] [http-nio-8080-exec-2] c.julianne.pets.services.GetPetService   : Executing class com.julianne.pets.services.GetPetService input: 3
2025-09-09T14:41:20.156+02:00  INFO 13988 --- [pets] [http-nio-8080-exec-2] c.julianne.pets.services.GetPetService   : Executing class com.julianne.pets.services.GetPetService input: 1
2025-09-09T14:44:23.451+02:00  INFO 13988 --- [pets] [SpringApplicationShutdownHook] o.s.b.w.e.tomcat.GracefulShutdown        : Commencing graceful shutdown. Waiting for active requests to complete
2025-09-09T14:44:23.456+02:00  INFO 13988 --- [pets] [tomcat-shutdown] o.s.b.w.e.tomcat.GracefulShutdown        : Graceful shutdown complete
2025-09-09T14:44:23.460+02:00  INFO 13988 --- [pets] [SpringApplicationShutdownHook] j.LocalContainerEntityManagerFactoryBean : Closing JPA EntityManagerFactory for persistence unit 'default'
2025-09-09T14:44:23.463+02:00  INFO 13988 --- [pets] [SpringApplicationShutdownHook] com.zaxxer.hikari.HikariDataSource       : HikariPool-1 - Shutdown initiated...
2025-09-09T14:44:23.469+02:00  INFO 13988 --- [pets] [SpringApplicationShutdownHook] com.zaxxer.hikari.HikariDataSource       : HikariPool-1 - Shutdown completed.
2025-09-09T14:44:26.883+02:00  INFO 7788 --- [pets] [main] com.julianne.pets.PetsApplication        : Starting PetsApplication using Java 24.0.2 with PID 7788 (D:\working-on\java\pets\target\classes started by USER in D:\working-on\java\pets)
2025-09-09T14:44:26.885+02:00  INFO 7788 --- [pets] [main] com.julianne.pets.PetsApplication        : No active profile set, falling back to 1 default profile: "default"
2025-09-09T14:44:27.354+02:00  INFO 7788 --- [pets] [main] .s.d.r.c.RepositoryConfigurationDelegate : Bootstrapping Spring Data JPA repositories in DEFAULT mode.
2025-09-09T14:44:27.402+02:00  INFO 7788 --- [pets] [main] .s.d.r.c.RepositoryConfigurationDelegate : Finished Spring Data repository scanning in 41 ms. Found 2 JPA repository interfaces.
2025-09-09T14:44:27.737+02:00  INFO 7788 --- [pets] [main] o.s.b.w.embedded.tomcat.TomcatWebServer  : Tomcat initialized with port 8080 (http)
2025-09-09T14:44:27.748+02:00  INFO 7788 --- [pets] [main] o.apache.catalina.core.StandardService   : Starting service [Tomcat]
2025-09-09T14:44:27.748+02:00  INFO 7788 --- [pets] [main] o.apache.catalina.core.StandardEngine    : Starting Servlet engine: [Apache Tomcat/10.1.44]
2025-09-09T14:44:27.786+02:00  INFO 7788 --- [pets] [main] o.a.c.c.C.[Tomcat].[localhost].[/]       : Initializing Spring embedded WebApplicationContext
2025-09-09T14:44:27.787+02:00  INFO 7788 --- [pets] [main] w.s.c.ServletWebServerApplicationContext : Root WebApplicationContext: initialization completed in 863 ms
2025-09-09T14:44:27.891+02:00  INFO 7788 --- [pets] [main] com.zaxxer.hikari.HikariDataSource       : HikariPool-1 - Starting...
2025-09-09T14:44:28.220+02:00  INFO 7788 --- [pets] [main] com.zaxxer.hikari.pool.HikariPool        : HikariPool-1 - Added connection com.mysql.cj.jdbc.ConnectionImpl@3c81cd82
2025-09-09T14:44:28.222+02:00  INFO 7788 --- [pets] [main] com.zaxxer.hikari.HikariDataSource       : HikariPool-1 - Start completed.
2025-09-09T14:44:28.252+02:00  INFO 7788 --- [pets] [main] o.hibernate.jpa.internal.util.LogHelper  : HHH000204: Processing PersistenceUnitInfo [name: default]
2025-09-09T14:44:28.287+02:00  INFO 7788 --- [pets] [main] org.hibernate.Version                    : HHH000412: Hibernate ORM core version 6.6.26.Final
2025-09-09T14:44:28.310+02:00  INFO 7788 --- [pets] [main] o.h.c.internal.RegionFactoryInitiator    : HHH000026: Second-level cache disabled
2025-09-09T14:44:28.528+02:00  INFO 7788 --- [pets] [main] o.s.o.j.p.SpringPersistenceUnitInfo      : No LoadTimeWeaver setup: ignoring JPA class transformer
2025-09-09T14:44:28.599+02:00  INFO 7788 --- [pets] [main] org.hibernate.orm.connections.pooling    : HHH10001005: Database info:
	Database JDBC URL [Connecting through datasource 'HikariDataSource (HikariPool-1)']
	Database driver: undefined/unknown
	Database version: 8.0.43
	Autocommit mode: undefined/unknown
	Isolation level: undefined/unknown
	Minimum pool size: undefined/unknown
	Maximum pool size: undefined/unknown
2025-09-09T14:44:29.194+02:00  INFO 7788 --- [pets] [main] o.h.e.t.j.p.i.JtaPlatformInitiator       : HHH000489: No JTA platform available (set 'hibernate.transaction.jta.platform' to enable JTA platform integration)
2025-09-09T14:44:29.197+02:00  INFO 7788 --- [pets] [main] j.LocalContainerEntityManagerFactoryBean : Initialized JPA EntityManagerFactory for persistence unit 'default'
2025-09-09T14:44:29.526+02:00  WARN 7788 --- [pets] [main] JpaBaseConfiguration$JpaWebConfiguration : spring.jpa.open-in-view is enabled by default. Therefore, database queries may be performed during view rendering. Explicitly configure spring.jpa.open-in-view to disable this warning
2025-09-09T14:44:29.815+02:00  INFO 7788 --- [pets] [main] o.s.b.w.embedded.tomcat.TomcatWebServer  : Tomcat started on port 8080 (http) with context path '/'
2025-09-09T14:44:29.821+02:00  INFO 7788 --- [pets] [main] com.julianne.pets.PetsApplication        : Started PetsApplication in 3.291 seconds (process running for 3.76)
2025-09-09T14:44:37.473+02:00  INFO 7788 --- [pets] [http-nio-8080-exec-1] o.a.c.c.C.[Tomcat].[localhost].[/]       : Initializing Spring DispatcherServlet 'dispatcherServlet'
2025-09-09T14:44:37.473+02:00  INFO 7788 --- [pets] [http-nio-8080-exec-1] o.s.web.servlet.DispatcherServlet        : Initializing Servlet 'dispatcherServlet'
2025-09-09T14:44:37.474+02:00  INFO 7788 --- [pets] [http-nio-8080-exec-1] o.s.web.servlet.DispatcherServlet        : Completed initialization in 1 ms
2025-09-09T14:44:43.417+02:00  INFO 7788 --- [pets] [http-nio-8080-exec-3] c.julianne.pets.services.GetPetService   : Executing class com.julianne.pets.services.GetPetService input: 1
2025-09-09T14:46:02.449+02:00  INFO 7788 --- [pets] [SpringApplicationShutdownHook] o.s.b.w.e.tomcat.GracefulShutdown        : Commencing graceful shutdown. Waiting for active requests to complete
2025-09-09T14:46:02.453+02:00  INFO 7788 --- [pets] [tomcat-shutdown] o.s.b.w.e.tomcat.GracefulShutdown        : Graceful shutdown complete
2025-09-09T14:46:02.457+02:00  INFO 7788 --- [pets] [SpringApplicationShutdownHook] j.LocalContainerEntityManagerFactoryBean : Closing JPA EntityManagerFactory for persistence unit 'default'
2025-09-09T14:46:02.459+02:00  INFO 7788 --- [pets] [SpringApplicationShutdownHook] com.zaxxer.hikari.HikariDataSource       : HikariPool-1 - Shutdown initiated...
2025-09-09T14:46:02.465+02:00  INFO 7788 --- [pets] [SpringApplicationShutdownHook] com.zaxxer.hikari.HikariDataSource       : HikariPool-1 - Shutdown completed.
2025-09-09T14:46:05.696+02:00  INFO 1416 --- [pets] [main] com.julianne.pets.PetsApplication        : Starting PetsApplication using Java 24.0.2 with PID 1416 (D:\working-on\java\pets\target\classes started by USER in D:\working-on\java\pets)
2025-09-09T14:46:05.697+02:00  INFO 1416 --- [pets] [main] com.julianne.pets.PetsApplication        : No active profile set, falling back to 1 default profile: "default"
2025-09-09T14:46:06.158+02:00  INFO 1416 --- [pets] [main] .s.d.r.c.RepositoryConfigurationDelegate : Bootstrapping Spring Data JPA repositories in DEFAULT mode.
2025-09-09T14:46:06.211+02:00  INFO 1416 --- [pets] [main] .s.d.r.c.RepositoryConfigurationDelegate : Finished Spring Data repository scanning in 47 ms. Found 2 JPA repository interfaces.
2025-09-09T14:46:06.556+02:00  INFO 1416 --- [pets] [main] o.s.b.w.embedded.tomcat.TomcatWebServer  : Tomcat initialized with port 8080 (http)
2025-09-09T14:46:06.568+02:00  INFO 1416 --- [pets] [main] o.apache.catalina.core.StandardService   : Starting service [Tomcat]
2025-09-09T14:46:06.568+02:00  INFO 1416 --- [pets] [main] o.apache.catalina.core.StandardEngine    : Starting Servlet engine: [Apache Tomcat/10.1.44]
2025-09-09T14:46:06.607+02:00  INFO 1416 --- [pets] [main] o.a.c.c.C.[Tomcat].[localhost].[/]       : Initializing Spring embedded WebApplicationContext
2025-09-09T14:46:06.608+02:00  INFO 1416 --- [pets] [main] w.s.c.ServletWebServerApplicationContext : Root WebApplicationContext: initialization completed in 872 ms
2025-09-09T14:46:06.715+02:00  INFO 1416 --- [pets] [main] com.zaxxer.hikari.HikariDataSource       : HikariPool-1 - Starting...
2025-09-09T14:46:07.044+02:00  INFO 1416 --- [pets] [main] com.zaxxer.hikari.pool.HikariPool        : HikariPool-1 - Added connection com.mysql.cj.jdbc.ConnectionImpl@6af310c7
2025-09-09T14:46:07.046+02:00  INFO 1416 --- [pets] [main] com.zaxxer.hikari.HikariDataSource       : HikariPool-1 - Start completed.
2025-09-09T14:46:07.078+02:00  INFO 1416 --- [pets] [main] o.hibernate.jpa.internal.util.LogHelper  : HHH000204: Processing PersistenceUnitInfo [name: default]
2025-09-09T14:46:07.113+02:00  INFO 1416 --- [pets] [main] org.hibernate.Version                    : HHH000412: Hibernate ORM core version 6.6.26.Final
2025-09-09T14:46:07.137+02:00  INFO 1416 --- [pets] [main] o.h.c.internal.RegionFactoryInitiator    : HHH000026: Second-level cache disabled
2025-09-09T14:46:07.351+02:00  INFO 1416 --- [pets] [main] o.s.o.j.p.SpringPersistenceUnitInfo      : No LoadTimeWeaver setup: ignoring JPA class transformer
2025-09-09T14:46:07.445+02:00  INFO 1416 --- [pets] [main] org.hibernate.orm.connections.pooling    : HHH10001005: Database info:
	Database JDBC URL [Connecting through datasource 'HikariDataSource (HikariPool-1)']
	Database driver: undefined/unknown
	Database version: 8.0.43
	Autocommit mode: undefined/unknown
	Isolation level: undefined/unknown
	Minimum pool size: undefined/unknown
	Maximum pool size: undefined/unknown
2025-09-09T14:46:08.046+02:00  INFO 1416 --- [pets] [main] o.h.e.t.j.p.i.JtaPlatformInitiator       : HHH000489: No JTA platform available (set 'hibernate.transaction.jta.platform' to enable JTA platform integration)
2025-09-09T14:46:08.049+02:00  INFO 1416 --- [pets] [main] j.LocalContainerEntityManagerFactoryBean : Initialized JPA EntityManagerFactory for persistence unit 'default'
2025-09-09T14:46:08.385+02:00  WARN 1416 --- [pets] [main] JpaBaseConfiguration$JpaWebConfiguration : spring.jpa.open-in-view is enabled by default. Therefore, database queries may be performed during view rendering. Explicitly configure spring.jpa.open-in-view to disable this warning
2025-09-09T14:46:08.711+02:00  INFO 1416 --- [pets] [main] o.s.b.w.embedded.tomcat.TomcatWebServer  : Tomcat started on port 8080 (http) with context path '/'
2025-09-09T14:46:08.717+02:00  INFO 1416 --- [pets] [main] com.julianne.pets.PetsApplication        : Started PetsApplication in 3.393 seconds (process running for 3.861)
2025-09-09T14:46:12.331+02:00  INFO 1416 --- [pets] [http-nio-8080-exec-1] o.a.c.c.C.[Tomcat].[localhost].[/]       : Initializing Spring DispatcherServlet 'dispatcherServlet'
2025-09-09T14:46:12.331+02:00  INFO 1416 --- [pets] [http-nio-8080-exec-1] o.s.web.servlet.DispatcherServlet        : Initializing Servlet 'dispatcherServlet'
2025-09-09T14:46:12.332+02:00  INFO 1416 --- [pets] [http-nio-8080-exec-1] o.s.web.servlet.DispatcherServlet        : Completed initialization in 1 ms
2025-09-09T14:46:12.363+02:00  INFO 1416 --- [pets] [http-nio-8080-exec-1] c.julianne.pets.services.GetPetService   : Executing class com.julianne.pets.services.GetPetService input: 8
2025-09-09T14:46:12.413+02:00 ERROR 1416 --- [pets] [http-nio-8080-exec-1] c.j.p.exceptions.PetNotFoundException    : Exception class com.julianne.pets.exceptions.PetNotFoundException thrown.
2025-09-09T14:46:27.210+02:00 ERROR 1416 --- [pets] [http-nio-8080-exec-3] c.j.p.exceptions.PetNotFoundException    : Exception class com.julianne.pets.exceptions.PetNotFoundException thrown.
2025-09-09T14:48:56.727+02:00  INFO 1416 --- [pets] [SpringApplicationShutdownHook] o.s.b.w.e.tomcat.GracefulShutdown        : Commencing graceful shutdown. Waiting for active requests to complete
2025-09-09T14:48:56.731+02:00  INFO 1416 --- [pets] [tomcat-shutdown] o.s.b.w.e.tomcat.GracefulShutdown        : Graceful shutdown complete
2025-09-09T14:48:56.733+02:00  INFO 1416 --- [pets] [SpringApplicationShutdownHook] j.LocalContainerEntityManagerFactoryBean : Closing JPA EntityManagerFactory for persistence unit 'default'
2025-09-09T14:48:56.735+02:00  INFO 1416 --- [pets] [SpringApplicationShutdownHook] com.zaxxer.hikari.HikariDataSource       : HikariPool-1 - Shutdown initiated...
2025-09-09T14:48:56.740+02:00  INFO 1416 --- [pets] [SpringApplicationShutdownHook] com.zaxxer.hikari.HikariDataSource       : HikariPool-1 - Shutdown completed.
